2023-09-16 19:31:12,213 django.utils.autoreload INFO     Watching for file changes with StatReloader
2023-09-16 19:31:19,316 user.views   ERROR    {'first_name': [ErrorDetail(string='This field may not be blank.', code='blank')]}
2023-09-16 19:31:19,316 django.request WARNING  Bad Request: /api/user/register/
2023-09-16 19:31:35,757 django.utils.autoreload INFO     /home/nikhil/manage/ch/ch/settings.py changed, reloading.
2023-09-16 19:35:40,285 django.utils.autoreload INFO     Watching for file changes with StatReloader
2023-09-16 19:35:44,315 user.views   ERROR    {'first_name': [ErrorDetail(string='This field may not be blank.', code='blank')]}
2023-09-16 19:35:44,316 django.request WARNING  Bad Request: /api/user/register/
2023-09-16 19:35:54,186 user.views   ERROR    {'first_name': [ErrorDetail(string='This field may not be blank.', code='blank')]}
2023-09-16 19:35:54,187 django.request WARNING  Bad Request: /api/user/register/
2023-09-16 19:36:00,777 django.utils.autoreload INFO     /home/nikhil/manage/ch/ch/settings.py changed, reloading.
2023-09-16 19:36:41,588 django.utils.autoreload INFO     Watching for file changes with StatReloader
2023-09-16 19:36:44,048 user.views   ERROR    {'first_name': [ErrorDetail(string='This field may not be blank.', code='blank')]}
2023-09-16 19:36:44,050 user.views   ERROR    {'first_name': [ErrorDetail(string='This field may not be blank.', code='blank')]}
2023-09-16 19:36:44,051 django.request WARNING  Bad Request: /api/user/register/
2023-09-16 19:36:44,052 django.request WARNING  Bad Request: /api/user/register/
2023-09-16 19:36:44,642 user.views   ERROR    {'first_name': [ErrorDetail(string='This field may not be blank.', code='blank')]}
2023-09-16 19:36:44,642 django.request WARNING  Bad Request: /api/user/register/
2023-09-16 19:36:44,992 user.views   ERROR    {'first_name': [ErrorDetail(string='This field may not be blank.', code='blank')]}
2023-09-16 19:36:44,992 django.request WARNING  Bad Request: /api/user/register/
2023-09-16 19:36:45,904 user.views   ERROR    {'first_name': [ErrorDetail(string='This field may not be blank.', code='blank')]}
2023-09-16 19:36:45,904 django.request WARNING  Bad Request: /api/user/register/
2023-09-16 19:37:03,066 django.utils.autoreload INFO     /home/nikhil/manage/ch/user/views.py changed, reloading.
2023-09-16 19:37:03,478 django.utils.autoreload INFO     Watching for file changes with StatReloader
2023-09-16 19:37:24,973 django.utils.autoreload INFO     /home/nikhil/manage/ch/user/managers/users_managers.py changed, reloading.
2023-09-16 19:37:25,399 django.utils.autoreload INFO     Watching for file changes with StatReloader
